TN:
SF:src/App.tsx
FN:14,App
FN:32,(anonymous_1)
FN:44,(anonymous_2)
FN:48,(anonymous_3)
FN:49,(anonymous_4)
FN:83,(anonymous_5)
FNF:6
FNH:0
FNDA:0,App
FNDA:0,(anonymous_1)
FNDA:0,(anonymous_2)
FNDA:0,(anonymous_3)
FNDA:0,(anonymous_4)
FNDA:0,(anonymous_5)
DA:15,0
DA:16,0
DA:17,0
DA:18,0
DA:19,0
DA:21,0
DA:29,0
DA:31,0
DA:33,0
DA:34,0
DA:36,0
DA:37,0
DA:43,0
DA:45,0
DA:46,0
DA:48,0
DA:49,0
DA:51,0
DA:53,0
DA:54,0
DA:60,0
DA:84,0
LF:22
LH:0
BRDA:34,0,0,0
BRDA:34,0,1,0
BRDA:36,1,0,0
BRDA:36,1,1,0
BRDA:49,2,0,0
BRDA:49,2,1,0
BRDA:51,3,0,0
BRDA:51,3,1,0
BRDA:53,4,0,0
BRDA:53,4,1,0
BRDA:62,5,0,0
BRDA:62,5,1,0
BRDA:84,6,0,0
BRDA:84,6,1,0
BRF:14
BRH:0
end_of_record
TN:
SF:src/ErrorBoundary.tsx
FN:15,constructor
FN:20,getDerivedStateFromError
FN:24,componentDidCatch
FN:28,(anonymous_3)
FN:34,render
FNF:5
FNH:0
FNDA:0,constructor
FNDA:0,getDerivedStateFromError
FNDA:0,componentDidCatch
FNDA:0,(anonymous_3)
FNDA:0,render
DA:16,0
DA:17,0
DA:21,0
DA:25,0
DA:28,0
DA:31,0
DA:35,0
DA:36,0
DA:39,0
LF:9
LH:0
BRDA:35,0,0,0
BRDA:35,0,1,0
BRDA:47,1,0,0
BRDA:47,1,1,0
BRF:4
BRH:0
end_of_record
TN:
SF:src/main.tsx
FNF:0
FNH:0
DA:7,0
LF:1
LH:0
BRF:0
BRH:0
end_of_record
TN:
SF:src/types.ts
FNF:0
FNH:0
LF:0
LH:0
BRF:0
BRH:0
end_of_record
TN:
SF:src/components/DownloadCard.tsx
FN:19,shortenUrl
FN:23,DownloadCard
FNF:2
FNH:2
FNDA:10,shortenUrl
FNDA:10,DownloadCard
DA:20,10
DA:24,10
DA:25,10
DA:26,10
DA:27,10
DA:28,10
DA:29,10
DA:36,10
DA:39,10
DA:43,10
DA:44,10
DA:46,10
LF:12
LH:12
BRDA:36,0,0,1
BRDA:36,0,1,9
BRDA:39,1,0,10
BRDA:39,1,1,1
BRDA:49,2,0,10
BRDA:49,2,1,8
BRDA:57,3,0,1
BRDA:57,3,1,9
BRDA:58,4,0,1
BRDA:58,4,1,9
BRDA:59,5,0,1
BRDA:59,5,1,9
BRDA:60,6,0,1
BRDA:60,6,1,9
BRDA:61,7,0,1
BRDA:61,7,1,9
BRDA:72,8,0,2
BRDA:72,8,1,8
BRDA:74,9,0,10
BRDA:74,9,1,1
BRDA:75,10,0,10
BRDA:75,10,1,1
BRDA:75,10,2,0
BRDA:79,11,0,10
BRDA:79,11,1,2
BRF:25
BRH:24
end_of_record
TN:
SF:src/components/DownloadForm.tsx
FN:15,DownloadForm
FN:37,(anonymous_1)
FN:53,(anonymous_2)
FNF:3
FNH:3
FNDA:11,DownloadForm
FNDA:1,(anonymous_1)
FNDA:1,(anonymous_2)
DA:24,11
DA:25,11
DA:26,11
DA:28,11
DA:37,1
DA:53,1
LF:6
LH:6
BRDA:25,0,0,11
BRDA:25,0,1,9
BRDA:25,1,0,6
BRDA:25,1,1,3
BRDA:26,2,0,8
BRDA:26,2,1,3
BRDA:30,3,0,8
BRDA:30,3,1,3
BRDA:43,4,0,2
BRDA:43,4,1,6
BRDA:63,5,0,0
BRDA:63,5,1,3
BRF:12
BRH:11
end_of_record
TN:
SF:src/components/DownloadsList.tsx
FN:14,DownloadsList
FN:33,(anonymous_1)
FN:43,(anonymous_2)
FN:80,(anonymous_3)
FNF:4
FNH:0
FNDA:0,DownloadsList
FNDA:0,(anonymous_1)
FNDA:0,(anonymous_2)
FNDA:0,(anonymous_3)
DA:21,0
DA:22,0
DA:24,0
DA:33,0
DA:43,0
DA:81,0
LF:6
LH:0
BRDA:22,0,0,0
BRDA:22,0,1,0
BRDA:32,1,0,0
BRDA:32,1,1,0
BRDA:42,2,0,0
BRDA:42,2,1,0
BRDA:53,3,0,0
BRDA:53,3,1,0
BRDA:53,3,2,0
BRDA:66,4,0,0
BRDA:66,4,1,0
BRDA:73,5,0,0
BRDA:73,5,1,0
BRF:13
BRH:0
end_of_record
TN:
SF:src/components/FormatSelector.tsx
FN:9,FormatSelector
FN:20,(anonymous_1)
FN:34,(anonymous_2)
FNF:3
FNH:0
FNDA:0,FormatSelector
FNDA:0,(anonymous_1)
FNDA:0,(anonymous_2)
DA:10,0
DA:20,0
DA:34,0
LF:3
LH:0
BRF:0
BRH:0
end_of_record
TN:
SF:src/components/ModeToggle.tsx
FN:9,ModeToggle
FN:16,(anonymous_1)
FN:26,(anonymous_2)
FNF:3
FNH:0
FNDA:0,ModeToggle
FNDA:0,(anonymous_1)
FNDA:0,(anonymous_2)
DA:10,0
DA:16,0
DA:26,0
LF:3
LH:0
BRDA:15,0,0,0
BRDA:15,0,1,0
BRDA:25,1,0,0
BRDA:25,1,1,0
BRF:4
BRH:0
end_of_record
TN:
SF:src/components/Toast.tsx
FN:9,Toast
FNF:1
FNH:0
FNDA:0,Toast
DA:10,0
LF:1
LH:0
BRDA:9,0,0,0
BRF:1
BRH:0
end_of_record
TN:
SF:src/components/Waveform.tsx
FN:25,hashSeed
FN:35,seededRandom
FN:37,(anonymous_2)
FN:57,buildAmplitudes
FN:59,(anonymous_4)
FN:64,(anonymous_5)
FN:75,(anonymous_6)
FN:93,Waveform
FN:99,(anonymous_8)
FN:111,(anonymous_9)
FNF:10
FNH:10
FNDA:24,hashSeed
FNDA:24,seededRandom
FNDA:1728,(anonymous_2)
FNDA:25,buildAmplitudes
FNDA:72,(anonymous_4)
FNDA:1728,(anonymous_5)
FNDA:1728,(anonymous_6)
FNDA:25,Waveform
FNDA:25,(anonymous_8)
FNDA:1800,(anonymous_9)
DA:4,2
DA:5,2
DA:6,2
DA:7,2
DA:9,2
DA:10,2
DA:26,24
DA:27,24
DA:28,170
DA:29,170
DA:31,24
DA:36,24
DA:37,24
DA:38,1728
DA:39,1728
DA:40,1728
DA:41,1728
DA:42,1728
DA:58,25
DA:59,72
DA:62,24
DA:64,24
DA:65,1728
DA:68,1728
DA:71,1728
DA:72,1728
DA:75,24
DA:76,1728
DA:77,1728
DA:78,1728
DA:79,1728
DA:99,25
DA:100,25
DA:102,25
DA:112,1800
DA:113,1800
LF:36
LH:36
BRDA:58,0,0,1
BRDA:58,0,1,24
BRDA:76,1,0,1728
BRDA:76,1,1,24
BRDA:77,2,0,1728
BRDA:77,2,1,24
BRDA:95,3,0,25
BRDA:96,4,0,25
BRDA:97,5,0,25
BRDA:120,6,0,1800
BRDA:120,6,1,1503
BRF:11
BRH:11
end_of_record
TN:
SF:src/components/index.ts
FNF:0
FNH:0
LF:0
LH:0
BRF:0
BRH:0
end_of_record
TN:
SF:src/hooks/index.ts
FNF:0
FNH:0
LF:0
LH:0
BRF:0
BRH:0
end_of_record
TN:
SF:src/hooks/useDownloads.ts
FN:15,toErrorMessage
FN:34,readClearedIds
FN:42,(anonymous_2)
FN:49,queuedMessage
FN:54,writeClearedIds
FN:72,useDownloads
FN:91,(anonymous_6)
FN:91,(anonymous_7)
FN:96,(anonymous_8)
FN:101,(anonymous_9)
FN:109,(anonymous_10)
FN:110,(anonymous_11)
FN:126,(anonymous_12)
FN:133,(anonymous_13)
FN:136,(anonymous_14)
FN:154,(anonymous_15)
FN:160,(anonymous_16)
FN:168,(anonymous_17)
FN:169,(anonymous_18)
FN:183,(anonymous_19)
FN:195,(anonymous_20)
FN:213,(anonymous_21)
FN:218,(anonymous_22)
FN:219,(anonymous_23)
FN:223,(anonymous_24)
FN:225,(anonymous_25)
FN:226,(anonymous_26)
FN:235,(anonymous_27)
FN:235,(anonymous_28)
FN:240,(anonymous_29)
FN:241,(anonymous_30)
FNF:31
FNH:31
FNDA:2,toErrorMessage
FNDA:14,readClearedIds
FNDA:1,(anonymous_2)
FNDA:4,queuedMessage
FNDA:2,writeClearedIds
FNDA:28,useDownloads
FNDA:23,(anonymous_6)
FNDA:8,(anonymous_7)
FNDA:18,(anonymous_8)
FNDA:3,(anonymous_9)
FNDA:3,(anonymous_10)
FNDA:3,(anonymous_11)
FNDA:4,(anonymous_12)
FNDA:14,(anonymous_13)
FNDA:14,(anonymous_14)
FNDA:14,(anonymous_15)
FNDA:4,(anonymous_16)
FNDA:3,(anonymous_17)
FNDA:3,(anonymous_18)
FNDA:2,(anonymous_19)
FNDA:1,(anonymous_20)
FNDA:2,(anonymous_21)
FNDA:2,(anonymous_22)
FNDA:2,(anonymous_23)
FNDA:2,(anonymous_24)
FNDA:2,(anonymous_25)
FNDA:3,(anonymous_26)
FNDA:23,(anonymous_27)
FNDA:8,(anonymous_28)
FNDA:25,(anonymous_29)
FNDA:10,(anonymous_30)
DA:5,1
DA:16,2
DA:17,0
DA:19,2
DA:22,1
DA:25,1
DA:35,14
DA:36,14
DA:37,14
DA:39,3
DA:40,3
DA:42,1
DA:44,1
DA:50,4
DA:55,2
DA:56,2
DA:73,28
DA:74,28
DA:76,28
DA:78,28
DA:81,28
DA:82,28
DA:84,28
DA:85,28
DA:90,28
DA:91,23
DA:96,28
DA:97,18
DA:99,4
DA:101,4
DA:102,3
DA:103,3
DA:107,3
DA:109,3
DA:110,3
DA:111,3
DA:112,3
DA:114,0
DA:118,3
DA:120,0
DA:121,0
DA:126,4
DA:127,4
DA:128,4
DA:133,28
DA:134,14
DA:136,14
DA:137,14
DA:138,14
DA:142,14
DA:143,5
DA:146,0
DA:147,0
DA:152,14
DA:154,14
DA:155,14
DA:159,28
DA:161,4
DA:162,4
DA:163,4
DA:168,3
DA:169,3
DA:170,3
DA:171,3
DA:173,1
DA:174,1
DA:176,4
DA:182,28
DA:184,2
DA:185,2
DA:186,2
DA:194,1
DA:195,2
DA:197,2
DA:200,1
DA:201,1
DA:202,1
DA:204,1
DA:205,1
DA:207,2
DA:213,28
DA:214,2
DA:215,2
DA:217,2
DA:218,2
DA:219,2
DA:223,2
DA:225,2
DA:226,3
DA:227,2
DA:228,2
DA:231,2
DA:234,28
DA:235,23
DA:239,28
DA:241,25
DA:245,28
LF:97
LH:91
BRDA:5,0,0,1
BRDA:5,0,1,1
BRDA:16,1,0,0
BRDA:16,1,1,2
BRDA:17,2,0,0
BRDA:17,2,1,0
BRDA:37,3,0,11
BRDA:37,3,1,3
BRDA:40,4,0,1
BRDA:40,4,1,2
BRDA:50,5,0,3
BRDA:50,5,1,1
BRDA:97,6,0,14
BRDA:97,6,1,4
BRDA:112,7,0,0
BRDA:112,7,1,3
BRDA:112,8,0,3
BRDA:112,8,1,3
BRDA:112,8,2,3
BRDA:120,9,0,0
BRDA:120,9,1,0
BRDA:142,10,0,5
BRDA:142,10,1,9
BRDA:146,11,0,0
BRDA:146,11,1,0
BRDA:194,12,0,1
BRDA:194,12,1,0
BRDA:241,13,0,10
BRDA:241,13,1,7
BRF:29
BRH:20
end_of_record
TN:
SF:src/hooks/useToast.ts
FN:4,useToast
FN:9,(anonymous_1)
FN:15,(anonymous_2)
FNF:3
FNH:3
FNDA:11,useToast
FNDA:5,(anonymous_1)
FNDA:1,(anonymous_2)
DA:5,11
DA:6,11
DA:8,11
DA:10,5
DA:11,1
DA:14,5
DA:15,5
DA:20,11
LF:8
LH:8
BRDA:4,0,0,11
BRDA:9,1,0,5
BRDA:10,2,0,1
BRDA:10,2,1,4
BRF:4
BRH:4
end_of_record
TN:
SF:src/utils/downloadStatus.ts
FN:46,parsePercent
FN:54,parseProgressFraction
FN:60,cleanSpeed
FN:66,getStatusTone
FN:70,getStatusLabel
FN:75,isTerminal
FNF:6
FNH:6
FNDA:28,parsePercent
FNDA:12,parseProgressFraction
FNDA:13,cleanSpeed
FNDA:15,getStatusTone
FNDA:19,getStatusLabel
FNDA:13,isTerminal
DA:11,2
DA:27,2
DA:44,2
DA:47,28
DA:48,9
DA:49,9
DA:50,9
DA:55,12
DA:56,12
DA:57,12
DA:61,13
DA:62,1
DA:63,1
DA:67,15
DA:71,19
DA:76,13
LF:16
LH:16
BRDA:47,0,0,19
BRDA:47,0,1,9
BRDA:50,1,0,8
BRDA:50,1,1,1
BRDA:56,2,0,0
BRDA:56,2,1,12
BRDA:61,3,0,12
BRDA:61,3,1,1
BRDA:61,4,0,13
BRDA:61,4,1,2
BRDA:63,5,0,1
BRDA:63,5,1,0
BRDA:67,6,0,15
BRDA:67,6,1,0
BRDA:71,7,0,19
BRDA:71,7,1,0
BRDA:76,8,0,13
BRDA:76,8,1,11
BRF:18
BRH:14
end_of_record
